<?xml version="1.0" encoding="UTF-8"?>
<testsuite xmlns:xsi="http://www.w3.org/2001/XMLSchema-instance" xsi:noNamespaceSchemaLocation="https://maven.apache.org/surefire/maven-surefire-plugin/xsd/surefire-test-report-3.0.xsd" version="3.0" name="com.library.BookServiceTest" time="1.176" tests="2" errors="0" skipped="0" failures="0">
  <properties>
[...]
</properties>
  <testcase name="testAddBook" classname="com.library.BookServiceTest" time="1.07">
    <system-err><![CDATA[Error adding book: Duplicate entry '3' for key 'PRIMARY'
]]></system-err>
  </testcase>
  <testcase name="testGetAllBooks" classname="com.library.BookServiceTest" time="0.036">
    <system-out><![CDATA[1 - 1984
3 - 1984
4 - To Kill a Mockingbird
5 - Brave New World
7 - 1984
]]></system-out>
    <system-err><![CDATA[Error adding book: Duplicate entry '4' for key 'PRIMARY'
Error adding book: Duplicate entry '5' for key 'PRIMARY'
]]></system-err>
  </testcase>
</testsuite>